<?xml version="1.0" encoding="UTF-8"?>
<!-- Generated by org.testng.reporters.JUnitReportReporter -->
<testsuite skipped="0" hostname="DESKTOP-QB4TMP3" name="TaxPayerTestNG.negativeTest_landing$empty_nop" tests="7" failures="0" timestamp="15 Mar 2018 04:44:59 GMT" time="3.484" errors="0">
  <testcase name="nop1_empty" time="0.752" classname="TaxPayerTestNG.negativeTest_landing$empty_nop"/>
  <testcase name="nop2_empty" time="0.457" classname="TaxPayerTestNG.negativeTest_landing$empty_nop"/>
  <testcase name="nop3_empty" time="0.434" classname="TaxPayerTestNG.negativeTest_landing$empty_nop"/>
  <testcase name="nop4_empty" time="0.563" classname="TaxPayerTestNG.negativeTest_landing$empty_nop"/>
  <testcase name="nop5_empty" time="0.439" classname="TaxPayerTestNG.negativeTest_landing$empty_nop"/>
  <testcase name="nop6_empty" time="0.416" classname="TaxPayerTestNG.negativeTest_landing$empty_nop"/>
  <testcase name="nop7_empty" time="0.423" classname="TaxPayerTestNG.negativeTest_landing$empty_nop"/>
</testsuite> <!-- TaxPayerTestNG.negativeTest_landing$empty_nop -->
