<?xml version="1.0" encoding="UTF-8"?>
<!-- Generated by org.testng.reporters.JUnitReportReporter -->
<testsuite skipped="0" hostname="DESKTOP-QB4TMP3" name="TaxPayerTestNG.negativeTest_landing$invalid_nop" tests="1" failures="0" timestamp="15 Mar 2018 04:46:42 GMT" time="0.137" errors="0">
  <testcase name="nop1_1" time="0.137" classname="TaxPayerTestNG.negativeTest_landing$invalid_nop"/>
</testsuite> <!-- TaxPayerTestNG.negativeTest_landing$invalid_nop -->
